app_fb/build/intermediates/manifest_merge_blame_file/fatDebug/manifest-merger-blame-fat-debug-report.txt
1<?xml version="1.0" encoding="utf-8"?>
2<manifest xmlns:android="http://schemas.android.com/apk/res/android"
3    package="org.geometerplus.zlibrary.ui.android.aplicatii.romanesti"
4    android:installLocation="auto" >
5
6    <uses-sdk android:minSdkVersion="24" />
6-->src\main\AndroidManifest.xml
7    <!-- below is expected to be overwritten by the sdk vers in app.gradle -->
8
9    <supports-screens
9-->src\main\AndroidManifest.xml:7:5-12:40
10        android:anyDensity="true"
10-->src\main\AndroidManifest.xml:8:9-34
11        android:largeScreens="true"
11-->src\main\AndroidManifest.xml:9:9-36
12        android:normalScreens="true"
12-->src\main\AndroidManifest.xml:10:9-37
13        android:smallScreens="true"
13-->src\main\AndroidManifest.xml:11:9-36
14        android:xlargeScreens="true" />
14-->src\main\AndroidManifest.xml:12:9-37
15
16    <uses-permission
16-->src\main\AndroidManifest.xml:14:5-16:36
17        android:name="android.permission.WAKE_LOCK"
17-->src\main\AndroidManifest.xml:15:9-52
18        android:required="false" />
18-->src\main\AndroidManifest.xml:16:9-33
19
20    <application
20-->src\main\AndroidManifest.xml:18:5-582:19
21        android:name="org.geometerplus.android.fbreader.FBReaderApplication"
21-->src\main\AndroidManifest.xml:19:9-77
22        android:label="@string/app_name" >
22-->src\main\AndroidManifest.xml:20:9-41
23        <uses-library
23-->src\main\AndroidManifest.xml:22:9-24:40
24            android:name="org.apache.http.legacy"
24-->src\main\AndroidManifest.xml:23:13-50
25            android:required="false" />
25-->src\main\AndroidManifest.xml:24:13-37
26
27        <activity
27-->src\main\AndroidManifest.xml:26:9-39:20
28            android:name="org.geometerplus.android.fbreader.error.BookReadingErrorActivity"
28-->src\main\AndroidManifest.xml:27:13-92
29            android:configChanges="orientation|keyboardHidden|screenSize"
29-->src\main\AndroidManifest.xml:28:13-74
30            android:exported="false"
30-->src\main\AndroidManifest.xml:29:13-37
31            android:process=":error"
31-->src\main\AndroidManifest.xml:30:13-37
32            android:theme="@style/FBReader.Dialog" >
32-->src\main\AndroidManifest.xml:31:13-51
33            <intent-filter>
33-->src\main\AndroidManifest.xml:32:13-38:29
34                <action android:name="android.fbreader.action.ERROR" />
34-->src\main\AndroidManifest.xml:33:17-72
34-->src\main\AndroidManifest.xml:33:25-69
35
36                <category android:name="android.intent.category.DEFAULT" />
36-->src\main\AndroidManifest.xml:35:17-76
36-->src\main\AndroidManifest.xml:35:27-73
37
38                <data android:scheme="BookReadingException" />
38-->src\main\AndroidManifest.xml:37:17-63
38-->src\main\AndroidManifest.xml:37:23-60
39            </intent-filter>
40        </activity>
41        <activity
41-->src\main\AndroidManifest.xml:40:9-53:20
42            android:name="org.geometerplus.android.fbreader.crash.FixBooksDirectoryActivity"
42-->src\main\AndroidManifest.xml:41:13-93
43            android:configChanges="orientation|keyboardHidden|screenSize"
43-->src\main\AndroidManifest.xml:42:13-74
44            android:exported="false"
44-->src\main\AndroidManifest.xml:43:13-37
45            android:process=":crash"
45-->src\main\AndroidManifest.xml:44:13-37
46            android:theme="@style/FBReader.Dialog" >
46-->src\main\AndroidManifest.xml:45:13-51
47            <intent-filter>
47-->src\main\AndroidManifest.xml:46:13-52:29
48                <action android:name="android.fbreader.action.CRASH" />
48-->src\main\AndroidManifest.xml:47:17-72
48-->src\main\AndroidManifest.xml:47:25-69
49
50                <category android:name="android.intent.category.DEFAULT" />
50-->src\main\AndroidManifest.xml:35:17-76
50-->src\main\AndroidManifest.xml:35:27-73
51
52                <data android:scheme="CachedCharStorageException" />
52-->src\main\AndroidManifest.xml:37:17-63
52-->src\main\AndroidManifest.xml:37:23-60
53            </intent-filter>
54        </activity>
55        <activity
55-->src\main\AndroidManifest.xml:54:9-74:20
56            android:name="org.geometerplus.android.fbreader.crash.MissingNativeLibraryActivity"
56-->src\main\AndroidManifest.xml:55:13-96
57            android:configChanges="orientation|keyboardHidden|screenSize"
57-->src\main\AndroidManifest.xml:56:13-74
58            android:exported="false"
58-->src\main\AndroidManifest.xml:57:13-37
59            android:process=":crash"
59-->src\main\AndroidManifest.xml:58:13-37
60            android:theme="@style/FBReader.Dialog" >
60-->src\main\AndroidManifest.xml:59:13-51
61            <intent-filter>
61-->src\main\AndroidManifest.xml:60:13-66:29
62                <action android:name="android.fbreader.action.CRASH" />
62-->src\main\AndroidManifest.xml:47:17-72
62-->src\main\AndroidManifest.xml:47:25-69
63
64                <category android:name="android.intent.category.DEFAULT" />
64-->src\main\AndroidManifest.xml:35:17-76
64-->src\main\AndroidManifest.xml:35:27-73
65
66                <data android:scheme="ExceptionInInitializerError" />
66-->src\main\AndroidManifest.xml:37:17-63
66-->src\main\AndroidManifest.xml:37:23-60
67            </intent-filter>
68            <intent-filter>
68-->src\main\AndroidManifest.xml:67:13-73:29
69                <action android:name="android.fbreader.action.CRASH" />
69-->src\main\AndroidManifest.xml:47:17-72
69-->src\main\AndroidManifest.xml:47:25-69
70
71                <category android:name="android.intent.category.DEFAULT" />
71-->src\main\AndroidManifest.xml:35:17-76
71-->src\main\AndroidManifest.xml:35:27-73
72
73                <data android:scheme="UnsatisfiedLinkError" />
73-->src\main\AndroidManifest.xml:37:17-63
73-->src\main\AndroidManifest.xml:37:23-60
74            </intent-filter>
75        </activity>
76
77        <service
77-->src\main\AndroidManifest.xml:76:9-85:19
78            android:name="org.geometerplus.android.fbreader.api.ApiService"
78-->src\main\AndroidManifest.xml:77:13-76
79            android:exported="false"
79-->src\main\AndroidManifest.xml:78:13-37
80            android:launchMode="singleTask" >
80-->src\main\AndroidManifest.xml:79:13-44
81            <intent-filter>
81-->src\main\AndroidManifest.xml:80:13-84:29
82                <action android:name="android.fbreader.action.API" />
82-->src\main\AndroidManifest.xml:81:17-70
82-->src\main\AndroidManifest.xml:81:25-67
83
84                <category android:name="android.intent.category.DEFAULT" />
84-->src\main\AndroidManifest.xml:35:17-76
84-->src\main\AndroidManifest.xml:35:27-73
85            </intent-filter>
86        </service>
87
88        <activity
88-->src\main\AndroidManifest.xml:87:9-217:20
89            android:name="org.geometerplus.android.fbreader.FBReader"
89-->src\main\AndroidManifest.xml:88:13-70
90            android:configChanges="orientation|keyboardHidden|screenSize"
90-->src\main\AndroidManifest.xml:89:13-74
91            android:exported="true"
91-->src\main\AndroidManifest.xml:90:13-36
92            android:icon="@drawable/fbreader"
92-->src\main\AndroidManifest.xml:91:13-46
93            android:label="@string/app_name"
93-->src\main\AndroidManifest.xml:92:13-45
94            android:launchMode="singleTask"
94-->src\main\AndroidManifest.xml:93:13-44
95            android:theme="@style/FBReader.Activity" > <!-- android:exported="false" 2023 test -->
95-->src\main\AndroidManifest.xml:94:13-53
96            <!-- android:exported="false" #cred ca e necesar pt google search... -->
97            <!--
98            <intent-filter>
99                <action android:name="android.intent.action.MAIN" />
100
101                <category android:name="android.intent.category.LAUNCHER" />
102            </intent-filter>
103            -->
104            <intent-filter>
104-->src\main\AndroidManifest.xml:101:13-105:29
105                <action android:name="android.fbreader.action.VIEW" />
105-->src\main\AndroidManifest.xml:102:17-71
105-->src\main\AndroidManifest.xml:102:25-68
106
107                <category android:name="android.intent.category.DEFAULT" />
107-->src\main\AndroidManifest.xml:35:17-76
107-->src\main\AndroidManifest.xml:35:27-73
108            </intent-filter>
109            <intent-filter>
109-->src\main\AndroidManifest.xml:106:13-112:29
110                <action android:name="anvdroid.fbreader.action.LOCAL_SEARCH_RESULT_VIEW" />
110-->src\main\AndroidManifest.xml:107:17-92
110-->src\main\AndroidManifest.xml:107:25-89
111
112                <category android:name="android.intent.category.DEFAULT" />
112-->src\main\AndroidManifest.xml:35:17-76
112-->src\main\AndroidManifest.xml:35:27-73
113
114                <data android:scheme="local-search-result" />
114-->src\main\AndroidManifest.xml:37:17-63
114-->src\main\AndroidManifest.xml:37:23-60
115            </intent-filter>
116            <!--
117            intent-filter>
118                <action android:name="android.fbreader.action.VIEW"/>
119                <category android:name="android.intent.category.DEFAULT"/>
120                <data android:scheme="file"/>
121            </intent-filter
122            -->
123            <intent-filter>
123-->src\main\AndroidManifest.xml:120:13-126:29
124                <action android:name="android.intent.action.VIEW" />
124-->src\main\AndroidManifest.xml:121:17-69
124-->src\main\AndroidManifest.xml:121:25-66
125
126                <category android:name="android.intent.category.DEFAULT" />
126-->src\main\AndroidManifest.xml:35:17-76
126-->src\main\AndroidManifest.xml:35:27-73
127
128                <data android:scheme="fbreader-action" />
128-->src\main\AndroidManifest.xml:37:17-63
128-->src\main\AndroidManifest.xml:37:23-60
129            </intent-filter>
130            <intent-filter>
130-->src\main\AndroidManifest.xml:127:13-131:29
131                <action android:name="android.fbreader.action.PLUGIN" />
131-->src\main\AndroidManifest.xml:128:17-73
131-->src\main\AndroidManifest.xml:128:25-70
132
133                <category android:name="android.intent.category.DEFAULT" />
133-->src\main\AndroidManifest.xml:35:17-76
133-->src\main\AndroidManifest.xml:35:27-73
134            </intent-filter>
135            <!--
136            (removed by aplicatii.romanesti)intent-filter>
137                <action android:name="android.intent.action.VIEW"/>
138                <category android:name="android.intent.category.DEFAULT"/>
139                <data android:host="" android:scheme="file"/>
140                <data android:pathPattern=".*\\.epub"/>
141                <data android:pathPattern=".*\\.oeb"/>
142                <data android:pathPattern=".*\\.fb2"/>
143                <data android:pathPattern=".*\\.fb2\\.zip"/>
144                <data android:pathPattern=".*\\.mobi"/>
145                <data android:pathPattern=".*\\.prc"/>
146                <data android:pathPattern=".*\\.txt"/>
147                <data android:pathPattern=".*\\.rtf"/>
148                <data android:pathPattern=".*\\.pdf"/>
149                <data android:pathPattern=".*\\.djvu"/>
150                <data android:pathPattern=".*\\.cbr"/>
151                <data android:pathPattern=".*\\.cbz"/>
152            </intent-filter
153            -->
154            <!--
155            (removed by aplicatii.romanesti)intent-filter>
156                <action android:name="android.intent.action.VIEW"/>
157                <category android:name="android.intent.category.DEFAULT"/>
158                <data android:host="" android:scheme="file" android:mimeType="text/plain"/>
159                <data android:pathPattern=".*\\.epub"/>
160                <data android:pathPattern=".*\\.oeb"/>
161                <data android:pathPattern=".*\\.fb2"/>
162                <data android:pathPattern=".*\\.mobi"/>
163                <data android:pathPattern=".*\\.prc"/>
164                <data android:pathPattern=".*\\.txt"/>
165                <data android:pathPattern=".*\\.rtf"/>
166                <data android:pathPattern=".*\\.pdf"/>
167                <data android:pathPattern=".*\\.djvu"/>
168                <data android:pathPattern=".*\\.cbr"/>
169                <data android:pathPattern=".*\\.cbz"/>
170            </intent-filter
171            -->
172            <!--
173            intent-filter>
174                <action android:name="android.intent.action.VIEW"/>
175                <category android:name="android.intent.category.DEFAULT"/>
176                <category android:name="android.intent.category.BROWSABLE"/>
177                <data android:scheme="content" android:pathPattern=".*\\.fb2"/>
178            </intent-filter
179            -->
180            <!--
181            (removed by aplicatii.romanesti)intent-filter>
182                <action android:name="android.intent.action.VIEW"/>
183                <category android:name="android.intent.category.DEFAULT"/>
184                <category android:name="android.intent.category.BROWSABLE"/>
185                <data android:host="" android:scheme="file"/>
186                <data android:mimeType="application/epub+zip"/>
187                <data android:mimeType="application/x-pilot-prc"/>
188                <data android:mimeType="application/x-mobipocket-ebook"/>
189                <data android:mimeType="application/x-fictionbook+xml"/>
190                <data android:mimeType="application/x-fictionbook"/>
191                <data android:mimeType="application/pdf"/>
192                <data android:mimeType="application/x-pdf"/>
193                <data android:mimeType="application/djvu"/>
194                <data android:mimeType="application/x-djvu"/>
195                <data android:mimeType="application/x-cbr"/>
196                <data android:mimeType="application/x-cbz"/>
197                <data android:mimeType="image/vnd.djvu"/>
198                <data android:mimeType="image/x-djvu"/>
199                <data android:mimeType="text/plain"/>
200            </intent-filter
201            -->
202            <intent-filter>
202-->src\main\AndroidManifest.xml:199:13-201:29
203                <action android:name="android.intent.action.SEARCH" />
203-->src\main\AndroidManifest.xml:200:17-71
203-->src\main\AndroidManifest.xml:200:25-68
204            </intent-filter>
205
206            <meta-data
206-->src\main\AndroidManifest.xml:203:13-205:54
207                android:name="android.app.searchable"
207-->src\main\AndroidManifest.xml:204:17-54
208                android:resource="@xml/searchable" />
208-->src\main\AndroidManifest.xml:205:17-51
209
210            <intent-filter>
210-->src\main\AndroidManifest.xml:207:13-211:29
211                <action android:name="android.fbreader.action.CLOSE" />
211-->src\main\AndroidManifest.xml:208:17-72
211-->src\main\AndroidManifest.xml:208:25-69
212
213                <category android:name="android.intent.category.DEFAULT" />
213-->src\main\AndroidManifest.xml:35:17-76
213-->src\main\AndroidManifest.xml:35:27-73
214            </intent-filter>
215            <intent-filter>
215-->src\main\AndroidManifest.xml:212:13-216:29
216                <action android:name="android.fbreader.action.PLUGIN_CRASH" />
216-->src\main\AndroidManifest.xml:213:17-79
216-->src\main\AndroidManifest.xml:213:25-76
217
218                <category android:name="android.intent.category.DEFAULT" />
218-->src\main\AndroidManifest.xml:35:17-76
218-->src\main\AndroidManifest.xml:35:27-73
219            </intent-filter>
220        </activity>
221        <activity
221-->src\main\AndroidManifest.xml:218:9-228:20
222            android:name="org.geometerplus.android.fbreader.CancelActivity"
222-->src\main\AndroidManifest.xml:219:13-76
223            android:configChanges="orientation|keyboardHidden|screenSize"
223-->src\main\AndroidManifest.xml:220:13-74
224            android:exported="false"
224-->src\main\AndroidManifest.xml:221:13-37
225            android:theme="@style/FBReader.Dialog" >
225-->src\main\AndroidManifest.xml:222:13-51
226            <intent-filter>
226-->src\main\AndroidManifest.xml:223:13-227:29
227                <action android:name="android.fbreader.action.CANCEL_MENU" />
227-->src\main\AndroidManifest.xml:224:17-78
227-->src\main\AndroidManifest.xml:224:25-75
228
229                <category android:name="android.intent.category.DEFAULT" />
229-->src\main\AndroidManifest.xml:35:17-76
229-->src\main\AndroidManifest.xml:35:27-73
230            </intent-filter>
231        </activity>
232        <activity
232-->src\main\AndroidManifest.xml:229:9-233:54
233            android:name="org.geometerplus.android.fbreader.PluginListActivity"
233-->src\main\AndroidManifest.xml:230:13-80
234            android:configChanges="orientation|keyboardHidden|screenSize"
234-->src\main\AndroidManifest.xml:231:13-74
235            android:exported="false"
235-->src\main\AndroidManifest.xml:232:13-37
236            android:theme="@style/FBReader.Dialog" />
236-->src\main\AndroidManifest.xml:233:13-51
237        <activity
237-->src\main\AndroidManifest.xml:234:9-254:20
238            android:name="org.geometerplus.android.fbreader.bookmark.BookmarksActivity"
238-->src\main\AndroidManifest.xml:235:13-88
239            android:configChanges="orientation|keyboardHidden|screenSize"
239-->src\main\AndroidManifest.xml:236:13-74
240            android:exported="false"
240-->src\main\AndroidManifest.xml:237:13-37
241            android:launchMode="singleTask"
241-->src\main\AndroidManifest.xml:238:13-44
242            android:process=":bookmarks"
242-->src\main\AndroidManifest.xml:239:13-41
243            android:theme="@style/FBReader.Activity.NoActionBar" >
243-->src\main\AndroidManifest.xml:240:13-65
244            <intent-filter>
244-->src\main\AndroidManifest.xml:199:13-201:29
245                <action android:name="android.intent.action.SEARCH" />
245-->src\main\AndroidManifest.xml:200:17-71
245-->src\main\AndroidManifest.xml:200:25-68
246            </intent-filter>
247
248            <meta-data
248-->src\main\AndroidManifest.xml:203:13-205:54
249                android:name="android.app.searchable"
249-->src\main\AndroidManifest.xml:204:17-54
250                android:resource="@xml/searchable" />
250-->src\main\AndroidManifest.xml:205:17-51
251
252            <intent-filter>
252-->src\main\AndroidManifest.xml:249:13-253:29
253                <action android:name="android.fbreader.action.BOOKMARKS" />
253-->src\main\AndroidManifest.xml:250:17-76
253-->src\main\AndroidManifest.xml:250:25-73
254
255                <category android:name="android.intent.category.DEFAULT" />
255-->src\main\AndroidManifest.xml:35:17-76
255-->src\main\AndroidManifest.xml:35:27-73
256            </intent-filter>
257        </activity>
258        <activity
258-->src\main\AndroidManifest.xml:255:9-265:20
259            android:name="org.geometerplus.android.fbreader.bookmark.EditBookmarkActivity"
259-->src\main\AndroidManifest.xml:256:13-91
260            android:configChanges="orientation|keyboardHidden|screenSize"
260-->src\main\AndroidManifest.xml:257:13-74
261            android:exported="false"
261-->src\main\AndroidManifest.xml:258:13-37
262            android:theme="@style/FBReader.Dialog" >
262-->src\main\AndroidManifest.xml:259:13-51
263            <intent-filter>
263-->src\main\AndroidManifest.xml:260:13-264:29
264                <action android:name="android.fbreader.action.EDIT_BOOKMARK" />
264-->src\main\AndroidManifest.xml:261:17-80
264-->src\main\AndroidManifest.xml:261:25-77
265
266                <category android:name="android.intent.category.DEFAULT" />
266-->src\main\AndroidManifest.xml:35:17-76
266-->src\main\AndroidManifest.xml:35:27-73
267            </intent-filter>
268        </activity>
269        <activity
269-->src\main\AndroidManifest.xml:266:9-276:20
270            android:name="org.geometerplus.android.fbreader.bookmark.EditStyleActivity"
270-->src\main\AndroidManifest.xml:267:13-88
271            android:configChanges="orientation|keyboardHidden|screenSize"
271-->src\main\AndroidManifest.xml:268:13-74
272            android:exported="false"
272-->src\main\AndroidManifest.xml:269:13-37
273            android:theme="@style/FBReader.Dialog" >
273-->src\main\AndroidManifest.xml:270:13-51
274            <intent-filter>
274-->src\main\AndroidManifest.xml:271:13-275:29
275                <action android:name="android.fbreader.action.EDIT_STYLES" />
275-->src\main\AndroidManifest.xml:272:17-78
275-->src\main\AndroidManifest.xml:272:25-75
276
277                <category android:name="android.intent.category.DEFAULT" />
277-->src\main\AndroidManifest.xml:35:17-76
277-->src\main\AndroidManifest.xml:35:27-73
278            </intent-filter>
279        </activity>
280        <activity
280-->src\main\AndroidManifest.xml:277:9-282:56
281            android:name="org.geometerplus.android.fbreader.image.ImageViewActivity"
281-->src\main\AndroidManifest.xml:278:13-85
282            android:configChanges="orientation|keyboardHidden|screenSize"
282-->src\main\AndroidManifest.xml:279:13-74
283            android:exported="false"
283-->src\main\AndroidManifest.xml:280:13-37
284            android:process=":imageView"
284-->src\main\AndroidManifest.xml:281:13-41
285            android:theme="@style/FBReader.Activity" />
285-->src\main\AndroidManifest.xml:282:13-53
286
287        <service
287-->src\main\AndroidManifest.xml:284:9-292:19
288            android:name="org.geometerplus.android.fbreader.libraryService.LibraryService"
288-->src\main\AndroidManifest.xml:285:13-91
289            android:exported="false"
289-->src\main\AndroidManifest.xml:286:13-37
290            android:launchMode="singleTask"
290-->src\main\AndroidManifest.xml:287:13-44
291            android:process=":libraryService" >
291-->src\main\AndroidManifest.xml:288:13-46
292            <intent-filter>
292-->src\main\AndroidManifest.xml:289:13-291:29
293                <action android:name="android.fbreader.action.LIBRARY_SERVICE" />
293-->src\main\AndroidManifest.xml:290:17-82
293-->src\main\AndroidManifest.xml:290:25-79
294            </intent-filter>
295        </service>
296        <service
296-->src\main\AndroidManifest.xml:293:9-301:19
297            android:name="org.geometerplus.android.fbreader.config.ConfigService"
297-->src\main\AndroidManifest.xml:294:13-82
298            android:exported="false"
298-->src\main\AndroidManifest.xml:295:13-37
299            android:launchMode="singleTask"
299-->src\main\AndroidManifest.xml:296:13-44
300            android:process=":configService" >
300-->src\main\AndroidManifest.xml:297:13-45
301            <intent-filter>
301-->src\main\AndroidManifest.xml:298:13-300:29
302                <action android:name="android.fbreader.action.CONFIG_SERVICE" />
302-->src\main\AndroidManifest.xml:299:17-81
302-->src\main\AndroidManifest.xml:299:25-78
303            </intent-filter>
304        </service>
305        <!--
306service android:name="org.geometerplus.android.fbreader.sync.SyncService" android:launchMode="singleTask" android:process=":networkLibrary">
307            <intent-filter>
308                <action android:name="android.fbreader.action.sync.START"/>
309            </intent-filter>
310            <intent-filter>
311                <action android:name="android.fbreader.action.sync.QUICK_SYNC"/>
312            </intent-filter>
313        </service
314        -->
315        <activity
315-->src\main\AndroidManifest.xml:312:9-323:20
316            android:name="org.geometerplus.android.fbreader.library.BookInfoActivity"
316-->src\main\AndroidManifest.xml:313:13-86
317            android:configChanges="orientation|keyboardHidden|screenSize"
317-->src\main\AndroidManifest.xml:314:13-74
318            android:exported="false"
318-->src\main\AndroidManifest.xml:315:13-37
319            android:process=":library"
319-->src\main\AndroidManifest.xml:316:13-39
320            android:theme="@style/FBReader.Activity" >
320-->src\main\AndroidManifest.xml:317:13-53
321            <intent-filter>
321-->src\main\AndroidManifest.xml:318:13-322:29
322                <action android:name="android.fbreader.action.BOOK_INFO" />
322-->src\main\AndroidManifest.xml:319:17-76
322-->src\main\AndroidManifest.xml:319:25-73
323
324                <category android:name="android.intent.category.DEFAULT" />
324-->src\main\AndroidManifest.xml:35:17-76
324-->src\main\AndroidManifest.xml:35:27-73
325            </intent-filter>
326        </activity>
327        <activity
327-->src\main\AndroidManifest.xml:324:9-341:20
328            android:name="org.geometerplus.android.fbreader.library.LibrarySearchActivity"
328-->src\main\AndroidManifest.xml:325:13-91
329            android:exported="false"
329-->src\main\AndroidManifest.xml:326:13-37
330            android:process=":library"
330-->src\main\AndroidManifest.xml:327:13-39
331            android:theme="@android:style/Theme.NoDisplay" >
331-->src\main\AndroidManifest.xml:328:13-59
332
333            <!-- android:exported="false" maybe needed for google search??? -->
334            <intent-filter>
334-->src\main\AndroidManifest.xml:199:13-201:29
335                <action android:name="android.intent.action.SEARCH" />
335-->src\main\AndroidManifest.xml:200:17-71
335-->src\main\AndroidManifest.xml:200:25-68
336            </intent-filter>
337            <intent-filter>
337-->src\main\AndroidManifest.xml:334:13-336:29
338                <action android:name="android.fbreader.action.LOCAL_SEARCH_VIEW" />
338-->src\main\AndroidManifest.xml:335:17-84
338-->src\main\AndroidManifest.xml:335:25-81
339            </intent-filter>
340
341            <meta-data
341-->src\main\AndroidManifest.xml:203:13-205:54
342                android:name="android.app.searchable"
342-->src\main\AndroidManifest.xml:204:17-54
343                android:resource="@xml/searchable_for_local_library_activity" />
343-->src\main\AndroidManifest.xml:205:17-51
344        </activity>
345        <activity
345-->src\main\AndroidManifest.xml:342:9-357:20
346            android:name="org.nicolae.test.LocalLibrarySearchActivity"
346-->src\main\AndroidManifest.xml:343:13-71
347            android:exported="false"
347-->src\main\AndroidManifest.xml:344:13-37
348            android:process=":library"
348-->src\main\AndroidManifest.xml:345:13-39
349            android:theme="@android:style/Theme.Translucent.NoTitleBar" >
349-->src\main\AndroidManifest.xml:346:13-72
350            <intent-filter>
350-->src\main\AndroidManifest.xml:334:13-336:29
351                <action android:name="android.fbreader.action.LOCAL_SEARCH_VIEW" />
351-->src\main\AndroidManifest.xml:335:17-84
351-->src\main\AndroidManifest.xml:335:25-81
352            </intent-filter>
353            <intent-filter>
353-->src\main\AndroidManifest.xml:199:13-201:29
354                <action android:name="android.intent.action.SEARCH" />
354-->src\main\AndroidManifest.xml:200:17-71
354-->src\main\AndroidManifest.xml:200:25-68
355            </intent-filter>
356
357            <meta-data
357-->src\main\AndroidManifest.xml:203:13-205:54
358                android:name="android.app.searchable"
358-->src\main\AndroidManifest.xml:204:17-54
359                android:resource="@xml/searchable_for_local_library_activity" />
359-->src\main\AndroidManifest.xml:205:17-51
360        </activity>
361        <activity
361-->src\main\AndroidManifest.xml:358:9-374:20
362            android:name="org.geometerplus.android.fbreader.library.LibraryActivity"
362-->src\main\AndroidManifest.xml:359:13-85
363            android:configChanges="orientation|keyboardHidden|screenSize"
363-->src\main\AndroidManifest.xml:360:13-74
364            android:exported="false"
364-->src\main\AndroidManifest.xml:361:13-37
365            android:launchMode="singleTask"
365-->src\main\AndroidManifest.xml:362:13-44
366            android:process=":library"
366-->src\main\AndroidManifest.xml:363:13-39
367            android:theme="@style/FBReader.Activity" >
367-->src\main\AndroidManifest.xml:364:13-53
368            <meta-data
368-->src\main\AndroidManifest.xml:365:13-367:99
369                android:name="android.app.default_searchable"
369-->src\main\AndroidManifest.xml:366:17-62
370                android:value="org.geometerplus.android.fbreader.library.LibrarySearchActivity" />
370-->src\main\AndroidManifest.xml:367:17-96
371
372            <intent-filter>
372-->src\main\AndroidManifest.xml:369:13-373:29
373                <action android:name="android.fbreader.action.LIBRARY" />
373-->src\main\AndroidManifest.xml:370:17-74
373-->src\main\AndroidManifest.xml:370:25-71
374
375                <category android:name="android.intent.category.DEFAULT" />
375-->src\main\AndroidManifest.xml:35:17-76
375-->src\main\AndroidManifest.xml:35:27-73
376            </intent-filter>
377        </activity>
378        <activity
378-->src\main\AndroidManifest.xml:375:9-379:56
379            android:name="org.geometerplus.android.fbreader.TOCActivity"
379-->src\main\AndroidManifest.xml:376:13-73
380            android:configChanges="orientation|keyboardHidden|screenSize"
380-->src\main\AndroidManifest.xml:377:13-74
381            android:exported="false"
381-->src\main\AndroidManifest.xml:378:13-37
382            android:theme="@style/FBReader.Activity" />
382-->src\main\AndroidManifest.xml:379:13-53
383        <activity
383-->src\main\AndroidManifest.xml:380:9-398:20
384            android:name="org.geometerplus.android.fbreader.preferences.PreferenceActivity"
384-->src\main\AndroidManifest.xml:381:13-92
385            android:configChanges="orientation|keyboardHidden|screenSize"
385-->src\main\AndroidManifest.xml:382:13-74
386            android:exported="true"
386-->src\main\AndroidManifest.xml:383:13-36
387            android:process=":networkLibrary"
387-->src\main\AndroidManifest.xml:384:13-46
388            android:theme="@style/FBReader.Activity" >
388-->src\main\AndroidManifest.xml:385:13-53
389            <intent-filter>
389-->src\main\AndroidManifest.xml:386:13-392:29